intranet/proguard/seeds.txt
com.stxnext.management.android.AppIntranet
com.stxnext.management.android.AppIntranet: AppIntranet()
com.stxnext.management.android.R$anim: int slide_in_from_bottom
com.stxnext.management.android.R$anim: int slide_in_from_top
com.stxnext.management.android.R$anim: int slide_out_to_bottom
com.stxnext.management.android.R$anim: int slide_out_to_top
com.stxnext.management.android.R$array: int backup_country_codes
com.stxnext.management.android.R$array: int backup_country_names
com.stxnext.management.android.R$array: int recurrence_freq
com.stxnext.management.android.R$array: int repeat_by_nth_fri
com.stxnext.management.android.R$array: int repeat_by_nth_mon
com.stxnext.management.android.R$array: int repeat_by_nth_sat
com.stxnext.management.android.R$array: int repeat_by_nth_sun
com.stxnext.management.android.R$array: int repeat_by_nth_thurs
com.stxnext.management.android.R$array: int repeat_by_nth_tues
com.stxnext.management.android.R$array: int repeat_by_nth_wed
com.stxnext.management.android.R$array: int timezone_rename_ids
com.stxnext.management.android.R$array: int timezone_rename_labels
com.stxnext.management.android.R$attr: int actionBarDivider
com.stxnext.management.android.R$attr: int actionBarItemBackground
com.stxnext.management.android.R$attr: int actionBarSize
com.stxnext.management.android.R$attr: int actionBarSplitStyle
com.stxnext.management.android.R$attr: int actionBarStyle
com.stxnext.management.android.R$attr: int actionBarTabBarStyle
com.stxnext.management.android.R$attr: int actionBarTabStyle
com.stxnext.management.android.R$attr: int actionBarTabTextStyle
com.stxnext.management.android.R$attr: int actionBarWidgetTheme
com.stxnext.management.android.R$attr: int actionButtonStyle
com.stxnext.management.android.R$attr: int actionDropDownStyle
com.stxnext.management.android.R$attr: int actionMenuTextAppearance
com.stxnext.management.android.R$attr: int actionMenuTextColor
com.stxnext.management.android.R$attr: int actionModeBackground
com.stxnext.management.android.R$attr: int actionModeCloseButtonStyle
com.stxnext.management.android.R$attr: int actionModeCloseDrawable
com.stxnext.management.android.R$attr: int actionModePopupWindowStyle
com.stxnext.management.android.R$attr: int actionModeShareDrawable
com.stxnext.management.android.R$attr: int actionModeSplitBackground
com.stxnext.management.android.R$attr: int actionModeStyle
com.stxnext.management.android.R$attr: int actionOverflowButtonStyle
com.stxnext.management.android.R$attr: int actionSpinnerItemStyle
com.stxnext.management.android.R$attr: int activatedBackgroundIndicator
com.stxnext.management.android.R$bool: int abs__action_bar_embed_tabs
com.stxnext.management.android.R$bool: int abs__action_bar_expanded_action_views_exclusive
com.stxnext.management.android.R$bool: int abs__config_actionMenuItemAllCaps
com.stxnext.management.android.R$bool: int abs__config_allowActionMenuItemTextWithIcon
com.stxnext.management.android.R$bool: int abs__config_showMenuShortcutsWhenKeyboardPresent
com.stxnext.management.android.R$bool: int abs__split_action_bar_is_narrow
com.stxnext.management.android.R$bool: int default_circle_indicator_centered
com.stxnext.management.android.R$bool: int default_circle_indicator_snap
com.stxnext.management.android.R$bool: int default_line_indicator_centered
com.stxnext.management.android.R$bool: int default_title_indicator_selected_bold
com.stxnext.management.android.R$bool: int default_underline_indicator_fades
...
com.google.common.collect.NullsLastOrdering
com.google.common.collect.Ordering$IncomparableValueException
com.google.common.collect.Range
com.google.common.collect.RegularContiguousSet
com.google.common.collect.RegularContiguousSet$DescendingContiguousSet
com.google.common.collect.RegularContiguousSet$SerializedForm
com.google.common.collect.RegularImmutableBiMap
com.google.common.collect.RegularImmutableList
com.google.common.collect.RegularImmutableMap
com.google.common.collect.RegularImmutableMap$EntrySet
com.google.common.collect.RegularImmutableMap$NonTerminalEntry
com.google.common.collect.RegularImmutableMap$TerminalEntry
com.google.common.collect.RegularImmutableMultiset
com.google.common.collect.RegularImmutableMultiset$1
com.google.common.collect.RegularImmutableMultiset$1$1
com.google.common.collect.RegularImmutableSet
com.google.common.collect.RegularImmutableSortedMultiset
com.google.common.collect.RegularImmutableSortedMultiset$1
com.google.common.collect.RegularImmutableSortedMultiset$2
com.google.common.collect.RegularImmutableSortedSet
com.google.common.collect.ReverseNaturalOrdering
com.google.common.collect.ReverseOrdering
com.google.common.collect.Sets$SetFromMap
com.google.common.collect.Sets$UnmodifiableNavigableSet
com.google.common.collect.SingletonImmutableList
com.google.common.collect.SingletonImmutableMap
com.google.common.collect.SingletonImmutableSet
com.google.common.collect.SortedLists$KeyAbsentBehavior
com.google.common.collect.SortedLists$KeyAbsentBehavior$1
com.google.common.collect.SortedLists$KeyAbsentBehavior$2
com.google.common.collect.SortedLists$KeyAbsentBehavior$3
com.google.common.collect.SortedLists$KeyPresentBehavior
com.google.common.collect.SortedLists$KeyPresentBehavior$1
com.google.common.collect.SortedLists$KeyPresentBehavior$2
com.google.common.collect.SortedLists$KeyPresentBehavior$3
com.google.common.collect.SortedLists$KeyPresentBehavior$4
com.google.common.collect.SortedLists$KeyPresentBehavior$5
com.google.common.collect.StandardRowSortedTable
com.google.common.collect.StandardTable
com.google.common.collect.Synchronized$SynchronizedAsMap
com.google.common.collect.Synchronized$SynchronizedAsMapEntries
com.google.common.collect.Synchronized$SynchronizedAsMapValues
com.google.common.collect.Synchronized$SynchronizedBiMap
com.google.common.collect.Synchronized$SynchronizedCollection
com.google.common.collect.Synchronized$SynchronizedList
com.google.common.collect.Synchronized$SynchronizedListMultimap
com.google.common.collect.Synchronized$SynchronizedMap
com.google.common.collect.Synchronized$SynchronizedMultimap
com.google.common.collect.Synchronized$SynchronizedMultiset
com.google.common.collect.Synchronized$SynchronizedObject
com.google.common.collect.Synchronized$SynchronizedRandomAccessList
com.google.common.collect.Synchronized$SynchronizedSet
com.google.common.collect.Synchronized$SynchronizedSetMultimap
com.google.common.collect.Synchronized$SynchronizedSortedMap
com.google.common.collect.Synchronized$SynchronizedSortedSet
com.google.common.collect.Synchronized$SynchronizedSortedSetMultimap
com.google.common.collect.Tables$ImmutableCell
com.google.common.collect.Tables$UnmodifiableRowSortedMap
com.google.common.collect.Tables$UnmodifiableTable
com.google.common.collect.TransformedImmutableList
com.google.common.collect.TransformedImmutableList$TransformedView
com.google.common.collect.TreeBasedTable
com.google.common.collect.TreeBasedTable$Factory
com.google.common.collect.TreeMultimap
com.google.common.collect.TreeMultiset
com.google.common.collect.TreeMultiset$Node
com.google.common.collect.UsingToStringOrdering
com.google.common.hash.BloomFilter
com.google.common.hash.BloomFilter$SerialForm
com.google.common.hash.BloomFilter$Strategy
com.google.common.hash.BloomFilterStrategies
com.google.common.hash.BloomFilterStrategies$1
com.google.common.hash.Funnel
com.google.common.hash.Funnels$ByteArrayFunnel
com.google.common.hash.Funnels$StringFunnel