intranet/proguard/mapping.txt
com.stxnext.management.android.AppIntranet -> com.stxnext.management.android.AppIntranet:
    com.stxnext.management.android.AppIntranet _instance -> a
    com.stxnext.management.android.AppIntranet getApp() -> a
    void onCreate() -> onCreate
com.stxnext.management.android.R -> com.stxnext.management.android.a:
com.stxnext.management.android.R$styleable -> com.stxnext.management.android.b:
    int[] Android -> Android
    int Android_android_textColor -> Android_android_textColor
    int Android_android_textColorHighlight -> Android_android_textColorHighlight
    int Android_android_textColorHint -> Android_android_textColorHint
    int Android_android_textColorLink -> Android_android_textColorLink
    int Android_android_textSize -> Android_android_textSize
    int Android_android_textStyle -> Android_android_textStyle
    int Android_android_typeface -> Android_android_typeface
    int[] BetterPickersDialogFragment -> BetterPickersDialogFragment
    int BetterPickersDialogFragment_bpButtonBackground -> BetterPickersDialogFragment_bpButtonBackground
    int BetterPickersDialogFragment_bpCheckIcon -> BetterPickersDialogFragment_bpCheckIcon
    int BetterPickersDialogFragment_bpDeleteIcon -> BetterPickersDialogFragment_bpDeleteIcon
    int BetterPickersDialogFragment_bpDialogBackground -> BetterPickersDialogFragment_bpDialogBackground
    int BetterPickersDialogFragment_bpDividerColor -> BetterPickersDialogFragment_bpDividerColor
    int BetterPickersDialogFragment_bpKeyBackground -> BetterPickersDialogFragment_bpKeyBackground
    int BetterPickersDialogFragment_bpKeyboardIndicatorColor -> BetterPickersDialogFragment_bpKeyboardIndicatorColor
    int BetterPickersDialogFragment_bpTextColor -> BetterPickersDialogFragment_bpTextColor
com.stxnext.management.android.dto.local.Absence -> com.stxnext.management.android.dto.local.a:
    java.lang.Number id -> a
    java.lang.String end -> b
    java.lang.String start -> c
    java.lang.String name -> d
    java.lang.Number abstenceId -> e
    java.lang.String remarks -> f
    java.lang.Number getId() -> a
    java.lang.String getEnd() -> b
    java.lang.String getStart() -> c
    java.lang.String getName() -> d
    java.lang.Number getAbstenceId() -> e
    java.lang.String getRemarks() -> f
    void setId(java.lang.Number) -> a
    void setEnd(java.lang.String) -> a
    void setStart(java.lang.String) -> b
    void setName(java.lang.String) -> c
    void setAbstenceId(java.lang.Number) -> b
    void setRemarks(java.lang.String) -> d
com.stxnext.management.android.dto.local.AbsenceDisplayData -> com.stxnext.management.android.dto.local.AbsenceDisplayData:
    java.lang.String start -> a
    java.lang.String end -> b
    java.lang.String explanation -> c
com.stxnext.management.android.dto.local.CookiesHolder -> com.stxnext.management.android.dto.local.b:
    java.util.List cookies -> a
    java.util.List getCookies() -> a
    void setCookies(java.util.List) -> a
...
com.actionbarsherlock.internal.widget.IcsAdapterView$OnItemSelectedListener -> com.actionbarsherlock.internal.widget.IcsAdapterView$OnItemSelectedListener:
    void onItemSelected(com.actionbarsherlock.internal.widget.IcsAdapterView,android.view.View,int,long) -> onItemSelected
    void onNothingSelected(com.actionbarsherlock.internal.widget.IcsAdapterView) -> onNothingSelected
com.actionbarsherlock.internal.widget.IcsAdapterView$SelectionNotifier -> com.actionbarsherlock.internal.widget.IcsAdapterView$SelectionNotifier:
    com.actionbarsherlock.internal.widget.IcsAdapterView this$0 -> this$0
    void run() -> run
com.actionbarsherlock.internal.widget.IcsColorDrawable -> com.actionbarsherlock.internal.widget.IcsColorDrawable:
    int color -> color
    android.graphics.Paint paint -> paint
    void draw(android.graphics.Canvas) -> draw
    void setAlpha(int) -> setAlpha
    void setColorFilter(android.graphics.ColorFilter) -> setColorFilter
    int getOpacity() -> getOpacity
com.actionbarsherlock.internal.widget.IcsLinearLayout -> com.actionbarsherlock.internal.widget.IcsLinearLayout:
    int[] R_styleable_LinearLayout -> R_styleable_LinearLayout
    int LinearLayout_divider -> LinearLayout_divider
    int LinearLayout_showDividers -> LinearLayout_showDividers
    int LinearLayout_dividerPadding -> LinearLayout_dividerPadding
    int SHOW_DIVIDER_NONE -> SHOW_DIVIDER_NONE
    int SHOW_DIVIDER_BEGINNING -> SHOW_DIVIDER_BEGINNING
    int SHOW_DIVIDER_MIDDLE -> SHOW_DIVIDER_MIDDLE
    int SHOW_DIVIDER_END -> SHOW_DIVIDER_END
    android.graphics.drawable.Drawable mDivider -> mDivider
    int mDividerWidth -> mDividerWidth
    int mDividerHeight -> mDividerHeight
    int mShowDividers -> mShowDividers
    int mDividerPadding -> mDividerPadding
    void setShowDividers(int) -> setShowDividers
    int getShowDividers() -> getShowDividers
    void setDividerDrawable(android.graphics.drawable.Drawable) -> setDividerDrawable
    void setDividerPadding(int) -> setDividerPadding
    int getDividerPadding() -> getDividerPadding
    int getDividerWidth() -> getDividerWidth
    void measureChildWithMargins(android.view.View,int,int,int,int) -> measureChildWithMargins
    void onDraw(android.graphics.Canvas) -> onDraw
    void drawDividersVertical(android.graphics.Canvas) -> drawDividersVertical
    void drawDividersHorizontal(android.graphics.Canvas) -> drawDividersHorizontal
    void drawHorizontalDivider(android.graphics.Canvas,int) -> drawHorizontalDivider
com.actionbarsherlock.internal.widget.IcsListPopupWindow -> com.actionbarsherlock.internal.widget.IcsListPopupWindow:
    int EXPAND_LIST_TIMEOUT -> EXPAND_LIST_TIMEOUT
    android.content.Context mContext -> mContext
    com.actionbarsherlock.internal.widget.PopupWindowCompat mPopup -> mPopup
    android.widget.ListAdapter mAdapter -> mAdapter
    com.actionbarsherlock.internal.widget.IcsListPopupWindow$DropDownListView mDropDownList -> mDropDownList
    int mDropDownHeight -> mDropDownHeight
    int mDropDownWidth -> mDropDownWidth
    int mDropDownHorizontalOffset -> mDropDownHorizontalOffset
    int mDropDownVerticalOffset -> mDropDownVerticalOffset
    boolean mDropDownVerticalOffsetSet -> mDropDownVerticalOffsetSet
    int mListItemExpandMaximum -> mListItemExpandMaximum
    android.view.View mPromptView -> mPromptView
    int mPromptPosition -> mPromptPosition
    android.database.DataSetObserver mObserver -> mObserver
    android.view.View mDropDownAnchorView -> mDropDownAnchorView
    android.graphics.drawable.Drawable mDropDownListHighlight -> mDropDownListHighlight
    android.widget.AdapterView$OnItemClickListener mItemClickListener -> mItemClickListener
    android.widget.AdapterView$OnItemSelectedListener mItemSelectedListener -> mItemSelectedListener
    com.actionbarsherlock.internal.widget.IcsListPopupWindow$ResizePopupRunnable mResizePopupRunnable -> mResizePopupRunnable