intranet/proguard/usage.txt
com.stxnext.management.android.BuildConfig
com.stxnext.management.android.R:
    10:10:public R()
com.stxnext.management.android.R$anim
com.stxnext.management.android.R$array
com.stxnext.management.android.R$attr
com.stxnext.management.android.R$bool
com.stxnext.management.android.R$color
com.stxnext.management.android.R$dimen
com.stxnext.management.android.R$drawable
com.stxnext.management.android.R$id
com.stxnext.management.android.R$integer
com.stxnext.management.android.R$layout
com.stxnext.management.android.R$menu
com.stxnext.management.android.R$plurals
com.stxnext.management.android.R$string
com.stxnext.management.android.R$style
com.stxnext.management.android.R$styleable:
    2828:2828:public R$styleable()
com.stxnext.management.android.R$xml
com.stxnext.management.android.dependencies.googleplay.GooglePlayServiceErrorMessages
com.stxnext.management.android.dto.local.IntranetUser:
    java.lang.String startWork
    java.lang.String startFullTimeWork
    java.lang.String stopWork
    117:117:public java.util.List getLocation()
    129:129:public java.lang.String getStartWork()
    132:132:public java.lang.String getStartFullTimeWork()
    135:135:public java.lang.String getStopWork()
    202:203:public void setProperties(java.util.ArrayList)
    220:221:public void setLocation(java.util.ArrayList)
    232:233:public void setStartWork(java.lang.String)
    235:236:public void setStartFullTimeWork(java.lang.String)
    238:239:public void setStopWork(java.lang.String)
    269:270:public void setRoles(java.util.ArrayList)
    272:273:public void setGroups(java.util.ArrayList)
com.stxnext.management.android.dto.local.LocalCookie:
    57:57:public java.lang.String getDomain()
    61:61:public java.lang.Long getExpiryDate()
    65:65:public java.lang.String getName()
    69:69:public java.lang.String getPath()
    73:73:public java.lang.String getValue()
    77:77:public java.lang.Integer getVersion()
com.stxnext.management.android.dto.local.MandatedTime:
    java.lang.Number mandated
    java.lang.Number days
    22:22:public java.lang.Number getMandated()
    26:26:public java.lang.Number getDays()
com.stxnext.management.android.dto.local.PresenceResult:
    26:26:public java.util.List getBlacklist()
com.stxnext.management.android.dto.local.UserProperty:
    17:18:public void setName(java.lang.String)
    23:24:public void setValue(java.lang.String)
com.stxnext.management.android.dto.postmessage.AbsenceMessage$AbsenceType:
    1:1:public static com.stxnext.management.android.dto.postmessage.AbsenceMessage$AbsenceType valueOf(java.lang.String)
com.stxnext.management.android.dto.postmessage.AbsencePayload:
    17:17:public com.stxnext.management.android.dto.postmessage.AbsenceMessage getAbsence()
com.stxnext.management.android.dto.postmessage.GsonProvider:
    6:6:public GsonProvider()
com.stxnext.management.android.dto.postmessage.LatenessPayload:
    17:17:public com.stxnext.management.android.dto.postmessage.LatenessMessage getLateness()
com.stxnext.management.android.receivers.CommandReceiver:
    public static final java.lang.String ACTION_ACTIVITY_COMMAND
    public static final int EVENT_ONLINE
    public static final int EVENT_OFFLINE
    public static final int EVENT_LOST_SESSION
    public static final int EVENT_STARTED_SYNC
    public static final int EVENT_FINISHED_SYNC
    public static final java.lang.String EXTRA_EVENT_TYPE
com.stxnext.management.android.storage.prefs.StoragePrefs:
    public static final java.lang.String PREFS_LOCATION
    private static final java.lang.String STRING_WEB_COOKIES
    private static final java.lang.String AUTH_CODE
    private static final java.lang.String SYNC_IS_ON
    private static final java.lang.String DAYS_OFF_TO_TAKE
com.stxnext.management.android.storage.sqlite.DatabaseSchemaPopulator:
    private static final java.lang.String assetFileName
    private static final java.lang.String updateAssetFileName
...
com.google.common.cache.CacheBuilderSpec$ValueParser
com.google.common.cache.CacheBuilderSpec$ValueStrengthParser
com.google.common.cache.CacheBuilderSpec$WriteDurationParser
com.google.common.cache.CacheLoader:
    46:46:protected CacheLoader()
    111:111:public java.util.Map loadAll(java.lang.Iterable)
    124:124:public static com.google.common.cache.CacheLoader from(com.google.common.base.Function)
    154:154:public static com.google.common.cache.CacheLoader from(com.google.common.base.Supplier)
com.google.common.cache.CacheLoader$FunctionToCacheLoader:
    private static final long serialVersionUID
    131:133:public CacheLoader$FunctionToCacheLoader(com.google.common.base.Function)
com.google.common.cache.CacheLoader$SupplierToCacheLoader:
    private static final long serialVersionUID
    161:163:public CacheLoader$SupplierToCacheLoader(com.google.common.base.Supplier)
com.google.common.cache.CacheStats:
    92:92:public long requestCount()
    99:99:public long hitCount()
    108:109:public double hitRate()
    119:119:public long missCount()
    132:133:public double missRate()
    142:142:public long loadCount()
    153:153:public long loadSuccessCount()
    164:164:public long loadExceptionCount()
    173:174:public double loadExceptionRate()
    185:185:public long totalLoadTime()
    193:194:public double averageLoadPenalty()
    204:204:public long evictionCount()
    213:213:public com.google.common.cache.CacheStats minus(com.google.common.cache.CacheStats)
    229:229:public com.google.common.cache.CacheStats plus(com.google.common.cache.CacheStats)
com.google.common.cache.ForwardingCache:
    43:43:protected ForwardingCache()
    54:54:public java.lang.Object getIfPresent(java.lang.Object)
    62:62:public java.lang.Object get(java.lang.Object,java.util.concurrent.Callable)
    70:70:public com.google.common.collect.ImmutableMap getAllPresent(java.lang.Iterable)
    78:79:public void put(java.lang.Object,java.lang.Object)
    86:87:public void putAll(java.util.Map)
    91:92:public void invalidate(java.lang.Object)
    99:100:public void invalidateAll(java.lang.Iterable)
    104:105:public void invalidateAll()
    109:109:public long size()
    114:114:public com.google.common.cache.CacheStats stats()
    119:119:public java.util.concurrent.ConcurrentMap asMap()
    124:125:public void cleanUp()
com.google.common.cache.ForwardingCache$SimpleForwardingCache
com.google.common.cache.ForwardingLoadingCache
com.google.common.cache.ForwardingLoadingCache$SimpleForwardingLoadingCache
com.google.common.cache.LoadingCache:
    public abstract java.lang.Object get(java.lang.Object)
    public abstract java.lang.Object getUnchecked(java.lang.Object)
    public abstract com.google.common.collect.ImmutableMap getAll(java.lang.Iterable)
    public abstract void refresh(java.lang.Object)
    public abstract java.util.concurrent.ConcurrentMap asMap()